
> frontend@0.0.0 build
> tsc && vite build

The CJS build of Vite's Node API is deprecated. See https://vite.dev/guide/troubleshooting.html#vite-cjs-node-api-deprecated for more details.
[36mvite v5.4.21 [32mbuilding for production...[36m[39m
transforming...
(node:29192) [MODULE_TYPELESS_PACKAGE_JSON] Warning: Module type of file:///C:/Users/lordc/Desktop/VB6-Graph/frontend/postcss.config.js is not specified and it doesn't parse as CommonJS.
Reparsing as ES module because module syntax was detected. This incurs a performance overhead.
To eliminate this warning, add "type": "module" to C:\Users\lordc\Desktop\VB6-Graph\frontend\package.json.
(Use `node --trace-warnings ...` to show where the warning was created)
[32m[39m 3 modules transformed.
x Build failed in 269ms
error during build:
[vite:css] [postcss] It looks like you're trying to use `tailwindcss` directly as a PostCSS plugin. The PostCSS plugin has moved to a separate package, so to continue using Tailwind CSS with PostCSS you'll need to install `@tailwindcss/postcss` and update your PostCSS configuration.
file: C:/Users/lordc/Desktop/VB6-Graph/frontend/src/index.css:undefined:NaN
    at at (C:\Users\lordc\Desktop\VB6-Graph\frontend\node_modules\tailwindcss\dist\lib.js:38:1643)
    at LazyResult.runOnRoot (C:\Users\lordc\Desktop\VB6-Graph\frontend\node_modules\postcss\lib\lazy-result.js:361:16)
    at LazyResult.runAsync (C:\Users\lordc\Desktop\VB6-Graph\frontend\node_modules\postcss\lib\lazy-result.js:290:26)
    at async compileCSS (file:///C:/Users/lordc/Desktop/VB6-Graph/frontend/node_modules/vite/dist/node/chunks/dep-BK3b2jBa.js:36898:21)
    at async Object.transform (file:///C:/Users/lordc/Desktop/VB6-Graph/frontend/node_modules/vite/dist/node/chunks/dep-BK3b2jBa.js:36171:11)
    at async transform (file:///C:/Users/lordc/Desktop/VB6-Graph/frontend/node_modules/rollup/dist/es/shared/node-entry.js:21269:16)
    at async ModuleLoader.addModuleSource (file:///C:/Users/lordc/Desktop/VB6-Graph/frontend/node_modules/rollup/dist/es/shared/node-entry.js:21497:36)
